<?xml version="1.0" encoding="UTF-8"?>
<testsuite xmlns:xsi="http://www.w3.org/2001/XMLSchema-instance" xsi:noNamespaceSchemaLocation="https://maven.apache.org/surefire/maven-failsafe-plugin/xsd/failsafe-test-report.xsd" name="Create an API demo with basic functions" time="5.077" tests="4" errors="0" skipped="0" failures="0">
  <properties>
[...]
</properties>
  <testcase name="Post a product" classname="Create an API demo with basic functions" time="3.961"/>
  <testcase name="Get an existing product" classname="Create an API demo with basic functions" time="0.911"/>
  <testcase name="Update an existing product" classname="Create an API demo with basic functions" time="0.113"/>
  <testcase name="Delete an existing product" classname="Create an API demo with basic functions" time="0.076"/>
</testsuite>